Analysis & Synthesis report for elevator
Sat Nov 26 23:35:20 2016
Quartus Prime Version 16.0.0 Build 211 04/27/2016 SJ Lite Edition


---------------------
; Table of Contents ;
---------------------
  1. Legal Notice
  2. Analysis & Synthesis Summary
  3. Analysis & Synthesis Settings
  4. Parallel Compilation
  5. Analysis & Synthesis Source Files Read
  6. Analysis & Synthesis Resource Usage Summary
  7. Analysis & Synthesis Resource Utilization by Entity
  8. Registers Removed During Synthesis
  9. Removed Registers Triggering Further Register Optimizations
 10. General Register Statistics
 11. Inverted Register Statistics
 12. Multiplexer Restructuring Statistics (Restructuring Performed)
 13. Parameter Settings for User Entity Instance: button_decoder:rdecoder
 14. Parameter Settings for User Entity Instance: button_decoder:odecoder
 15. Parameter Settings for User Entity Instance: modified_counter:counter1
 16. Parameter Settings for User Entity Instance: modified_counter:counter2
 17. Parameter Settings for User Entity Instance: elevator_unit_v1:ev1
 18. Parameter Settings for User Entity Instance: elevator_unit_v1:ev2
 19. Parameter Settings for User Entity Instance: generic_multiplexer:cfmultiplexer
 20. Parameter Settings for User Entity Instance: generic_multiplexer:ocmultiplexer
 21. Parameter Settings for User Entity Instance: generic_multiplexer:smmultiplexer
 22. Parameter Settings for User Entity Instance: elevator_cortex:cortex
 23. Port Connectivity Checks: "up_down_display:uddisplay"
 24. Port Connectivity Checks: "display_driver:elevator_number"
 25. Port Connectivity Checks: "elevator_unit_v1:ev2"
 26. Port Connectivity Checks: "elevator_unit_v1:ev1"
 27. Port Connectivity Checks: "modified_counter:counter2"
 28. Port Connectivity Checks: "modified_counter:counter1"
 29. Post-Synthesis Netlist Statistics for Top Partition
 30. Elapsed Time Per Partition
 31. Analysis & Synthesis Messages



----------------
; Legal Notice ;
----------------
Copyright (C) 1991-2016 Altera Corporation. All rights reserved.
Your use of Altera Corporation's design tools, logic functions 
and other software and tools, and its AMPP partner logic 
functions, and any output files from any of the foregoing 
(including device programming or simulation files), and any 
associated documentation or information are expressly subject 
to the terms and conditions of the Altera Program License 
Subscription Agreement, the Altera Quartus Prime License Agreement,
the Altera MegaCore Function License Agreement, or other 
applicable license agreement, including, without limitation, 
that your use is for the sole purpose of programming logic 
devices manufactured by Altera and sold by Altera or its 
authorized distributors.  Please refer to the applicable 
agreement for further details.



+-------------------------------------------------------------------------------+
; Analysis & Synthesis Summary                                                  ;
+---------------------------------+---------------------------------------------+
; Analysis & Synthesis Status     ; Successful - Sat Nov 26 23:35:20 2016       ;
; Quartus Prime Version           ; 16.0.0 Build 211 04/27/2016 SJ Lite Edition ;
; Revision Name                   ; elevator                                    ;
; Top-level Entity Name           ; multi_elevator                              ;
; Family                          ; Cyclone V                                   ;
; Logic utilization (in ALMs)     ; N/A                                         ;
; Total registers                 ; 170                                         ;
; Total pins                      ; 67                                          ;
; Total virtual pins              ; 0                                           ;
; Total block memory bits         ; 0                                           ;
; Total DSP Blocks                ; 0                                           ;
; Total HSSI RX PCSs              ; 0                                           ;
; Total HSSI PMA RX Deserializers ; 0                                           ;
; Total HSSI TX PCSs              ; 0                                           ;
; Total HSSI PMA TX Serializers   ; 0                                           ;
; Total PLLs                      ; 0                                           ;
; Total DLLs                      ; 0                                           ;
+---------------------------------+---------------------------------------------+


+---------------------------------------------------------------------------------------------------------------------------+
; Analysis & Synthesis Settings                                                                                             ;
+---------------------------------------------------------------------------------+--------------------+--------------------+
; Option                                                                          ; Setting            ; Default Value      ;
+---------------------------------------------------------------------------------+--------------------+--------------------+
; Device                                                                          ; 5CSEMA5F31C6       ;                    ;
; Top-level entity name                                                           ; multi_elevator     ; elevator           ;
; Family name                                                                     ; Cyclone V          ; Cyclone V          ;
; Use smart compilation                                                           ; Off                ; Off                ;
; Enable parallel Assembler and TimeQuest Timing Analyzer during compilation      ; On                 ; On                 ;
; Enable compact report table                                                     ; Off                ; Off                ;
; Restructure Multiplexers                                                        ; Auto               ; Auto               ;
; MLAB Add Timing Constraints For Mixed-Port Feed-Through Mode Setting Don't Care ; Off                ; Off                ;
; Create Debugging Nodes for IP Cores                                             ; Off                ; Off                ;
; Preserve fewer node names                                                       ; On                 ; On                 ;
; Disable OpenCore Plus hardware evaluation                                       ; Off                ; Off                ;
; Verilog Version                                                                 ; Verilog_2001       ; Verilog_2001       ;
; VHDL Version                                                                    ; VHDL_1993          ; VHDL_1993          ;
; State Machine Processing                                                        ; Auto               ; Auto               ;
; Safe State Machine                                                              ; Off                ; Off                ;
; Extract Verilog State Machines                                                  ; On                 ; On                 ;
; Extract VHDL State Machines                                                     ; On                 ; On                 ;
; Ignore Verilog initial constructs                                               ; Off                ; Off                ;
; Iteration limit for constant Verilog loops                                      ; 5000               ; 5000               ;
; Iteration limit for non-constant Verilog loops                                  ; 250                ; 250                ;
; Add Pass-Through Logic to Inferred RAMs                                         ; On                 ; On                 ;
; Infer RAMs from Raw Logic                                                       ; On                 ; On                 ;
; Parallel Synthesis                                                              ; On                 ; On                 ;
; DSP Block Balancing                                                             ; Auto               ; Auto               ;
; NOT Gate Push-Back                                                              ; On                 ; On                 ;
; Power-Up Don't Care                                                             ; On                 ; On                 ;
; Remove Redundant Logic Cells                                                    ; Off                ; Off                ;
; Remove Duplicate Registers                                                      ; On                 ; On                 ;
; Ignore CARRY Buffers                                                            ; Off                ; Off                ;
; Ignore CASCADE Buffers                                                          ; Off                ; Off                ;
; Ignore GLOBAL Buffers                                                           ; Off                ; Off                ;
; Ignore ROW GLOBAL Buffers                                                       ; Off                ; Off                ;
; Ignore LCELL Buffers                                                            ; Off                ; Off                ;
; Ignore SOFT Buffers                                                             ; On                 ; On                 ;
; Limit AHDL Integers to 32 Bits                                                  ; Off                ; Off                ;
; Optimization Technique                                                          ; Balanced           ; Balanced           ;
; Carry Chain Length                                                              ; 70                 ; 70                 ;
; Auto Carry Chains                                                               ; On                 ; On                 ;
; Auto Open-Drain Pins                                                            ; On                 ; On                 ;
; Perform WYSIWYG Primitive Resynthesis                                           ; Off                ; Off                ;
; Auto ROM Replacement                                                            ; On                 ; On                 ;
; Auto RAM Replacement                                                            ; On                 ; On                 ;
; Auto DSP Block Replacement                                                      ; On                 ; On                 ;
; Auto Shift Register Replacement                                                 ; Auto               ; Auto               ;
; Allow Shift Register Merging across Hierarchies                                 ; Auto               ; Auto               ;
; Auto Clock Enable Replacement                                                   ; On                 ; On                 ;
; Strict RAM Replacement                                                          ; Off                ; Off                ;
; Allow Synchronous Control Signals                                               ; On                 ; On                 ;
; Force Use of Synchronous Clear Signals                                          ; Off                ; Off                ;
; Auto Resource Sharing                                                           ; Off                ; Off                ;
; Allow Any RAM Size For Recognition                                              ; Off                ; Off                ;
; Allow Any ROM Size For Recognition                                              ; Off                ; Off                ;
; Allow Any Shift Register Size For Recognition                                   ; Off                ; Off                ;
; Use LogicLock Constraints during Resource Balancing                             ; On                 ; On                 ;
; Ignore translate_off and synthesis_off directives                               ; Off                ; Off                ;
; Timing-Driven Synthesis                                                         ; On                 ; On                 ;
; Report Parameter Settings                                                       ; On                 ; On                 ;
; Report Source Assignments                                                       ; On                 ; On                 ;
; Report Connectivity Checks                                                      ; On                 ; On                 ;
; Ignore Maximum Fan-Out Assignments                                              ; Off                ; Off                ;
; Synchronization Register Chain Length                                           ; 3                  ; 3                  ;
; PowerPlay Power Optimization During Synthesis                                   ; Normal compilation ; Normal compilation ;
; HDL message level                                                               ; Level2             ; Level2             ;
; Suppress Register Optimization Related Messages                                 ; Off                ; Off                ;
; Number of Removed Registers Reported in Synthesis Report                        ; 5000               ; 5000               ;
; Number of Swept Nodes Reported in Synthesis Report                              ; 5000               ; 5000               ;
; Number of Inverted Registers Reported in Synthesis Report                       ; 100                ; 100                ;
; Clock MUX Protection                                                            ; On                 ; On                 ;
; Auto Gated Clock Conversion                                                     ; Off                ; Off                ;
; Block Design Naming                                                             ; Auto               ; Auto               ;
; SDC constraint protection                                                       ; Off                ; Off                ;
; Synthesis Effort                                                                ; Auto               ; Auto               ;
; Shift Register Replacement - Allow Asynchronous Clear Signal                    ; On                 ; On                 ;
; Pre-Mapping Resynthesis Optimization                                            ; Off                ; Off                ;
; Analysis & Synthesis Message Level                                              ; Medium             ; Medium             ;
; Disable Register Merging Across Hierarchies                                     ; Auto               ; Auto               ;
; Resource Aware Inference For Block RAM                                          ; On                 ; On                 ;
; Synthesis Seed                                                                  ; 1                  ; 1                  ;
; Automatic Parallel Synthesis                                                    ; On                 ; On                 ;
; Partial Reconfiguration Bitstream ID                                            ; Off                ; Off                ;
+---------------------------------------------------------------------------------+--------------------+--------------------+


+------------------------------------------+
; Parallel Compilation                     ;
+----------------------------+-------------+
; Processors                 ; Number      ;
+----------------------------+-------------+
; Number detected on machine ; 4           ;
; Maximum allowed            ; 2           ;
;                            ;             ;
; Average used               ; 1.00        ;
; Maximum used               ; 2           ;
;                            ;             ;
; Usage by Processor         ; % Time Used ;
;     Processor 1            ; 100.0%      ;
;     Processor 2            ;   0.0%      ;
+----------------------------+-------------+


+--------------------------------------------------------------------------------------------------------------------------------------------------------------------------------+
; Analysis & Synthesis Source Files Read                                                                                                                                         ;
+----------------------------------+-----------------+-----------------+-----------------------------------------------------------------------------------------------+---------+
; File Name with User-Entered Path ; Used in Netlist ; File Type       ; File Name with Absolute Path                                                                  ; Library ;
+----------------------------------+-----------------+-----------------+-----------------------------------------------------------------------------------------------+---------+
; elevator_cortex.vhd              ; yes             ; User VHDL File  ; C:/Users/patto/Desktop/Digital_Logic_Lab/uwm_ee457_vhdl_labs/elevator/elevator_cortex.vhd     ;         ;
; display_driver.vhd               ; yes             ; User VHDL File  ; C:/Users/patto/Desktop/Digital_Logic_Lab/uwm_ee457_vhdl_labs/elevator/display_driver.vhd      ;         ;
; open_close_display.vhd           ; yes             ; User VHDL File  ; C:/Users/patto/Desktop/Digital_Logic_Lab/uwm_ee457_vhdl_labs/elevator/open_close_display.vhd  ;         ;
; up_down_display.vhd              ; yes             ; User VHDL File  ; C:/Users/patto/Desktop/Digital_Logic_Lab/uwm_ee457_vhdl_labs/elevator/up_down_display.vhd     ;         ;
; generic_multiplexer.vhd          ; yes             ; User VHDL File  ; C:/Users/patto/Desktop/Digital_Logic_Lab/uwm_ee457_vhdl_labs/elevator/generic_multiplexer.vhd ;         ;
; modified_counter.vhd             ; yes             ; User VHDL File  ; C:/Users/patto/Desktop/Digital_Logic_Lab/uwm_ee457_vhdl_labs/elevator/modified_counter.vhd    ;         ;
; multi_elevator.vhd               ; yes             ; User VHDL File  ; C:/Users/patto/Desktop/Digital_Logic_Lab/uwm_ee457_vhdl_labs/elevator/multi_elevator.vhd      ;         ;
; button_decoder.vhd               ; yes             ; User VHDL File  ; C:/Users/patto/Desktop/Digital_Logic_Lab/uwm_ee457_vhdl_labs/elevator/button_decoder.vhd      ;         ;
; elevator_unit_v1.vhd             ; yes             ; User VHDL File  ; C:/Users/patto/Desktop/Digital_Logic_Lab/uwm_ee457_vhdl_labs/elevator/elevator_unit_v1.vhd    ;         ;
+----------------------------------+-----------------+-----------------+-----------------------------------------------------------------------------------------------+---------+


+--------------------------------------------------------------+
; Analysis & Synthesis Resource Usage Summary                  ;
+---------------------------------------------+----------------+
; Resource                                    ; Usage          ;
+---------------------------------------------+----------------+
; Estimate of Logic utilization (ALMs needed) ; 330            ;
;                                             ;                ;
; Combinational ALUT usage for logic          ; 502            ;
;     -- 7 input functions                    ; 3              ;
;     -- 6 input functions                    ; 137            ;
;     -- 5 input functions                    ; 105            ;
;     -- 4 input functions                    ; 111            ;
;     -- <=3 input functions                  ; 146            ;
;                                             ;                ;
; Dedicated logic registers                   ; 170            ;
;                                             ;                ;
; I/O pins                                    ; 67             ;
;                                             ;                ;
; Total DSP Blocks                            ; 0              ;
;                                             ;                ;
; Maximum fan-out node                        ; CLOCK_50~input ;
; Maximum fan-out                             ; 170            ;
; Total fan-out                               ; 2751           ;
; Average fan-out                             ; 3.41           ;
+---------------------------------------------+----------------+


+---------------------------------------------------------------------------------------------------------------------------------------------------------------------------------------------------------------------------+
; Analysis & Synthesis Resource Utilization by Entity                                                                                                                                                                       ;
+----------------------------------------+-------------------+--------------+-------------------+------------+------+--------------+---------------------------------------------------+---------------------+--------------+
; Compilation Hierarchy Node             ; LC Combinationals ; LC Registers ; Block Memory Bits ; DSP Blocks ; Pins ; Virtual Pins ; Full Hierarchy Name                               ; Entity Name         ; Library Name ;
+----------------------------------------+-------------------+--------------+-------------------+------------+------+--------------+---------------------------------------------------+---------------------+--------------+
; |multi_elevator                        ; 502 (0)           ; 170 (0)      ; 0                 ; 0          ; 67   ; 0            ; |multi_elevator                                   ; multi_elevator      ; work         ;
;    |button_decoder:odecoder|           ; 3 (3)             ; 3 (3)        ; 0                 ; 0          ; 0    ; 0            ; |multi_elevator|button_decoder:odecoder           ; button_decoder      ; work         ;
;    |button_decoder:rdecoder|           ; 3 (3)             ; 3 (3)        ; 0                 ; 0          ; 0    ; 0            ; |multi_elevator|button_decoder:rdecoder           ; button_decoder      ; work         ;
;    |display_driver:call_display|       ; 8 (8)             ; 0 (0)        ; 0                 ; 0          ; 0    ; 0            ; |multi_elevator|display_driver:call_display       ; display_driver      ; work         ;
;    |display_driver:current_display|    ; 7 (7)             ; 0 (0)        ; 0                 ; 0          ; 0    ; 0            ; |multi_elevator|display_driver:current_display    ; display_driver      ; work         ;
;    |display_driver:request_display|    ; 7 (7)             ; 0 (0)        ; 0                 ; 0          ; 0    ; 0            ; |multi_elevator|display_driver:request_display    ; display_driver      ; work         ;
;    |elevator_cortex:cortex|            ; 87 (87)           ; 18 (18)      ; 0                 ; 0          ; 0    ; 0            ; |multi_elevator|elevator_cortex:cortex            ; elevator_cortex     ; work         ;
;    |elevator_unit_v1:ev1|              ; 137 (137)         ; 23 (23)      ; 0                 ; 0          ; 0    ; 0            ; |multi_elevator|elevator_unit_v1:ev1              ; elevator_unit_v1    ; work         ;
;    |elevator_unit_v1:ev2|              ; 132 (132)         ; 23 (23)      ; 0                 ; 0          ; 0    ; 0            ; |multi_elevator|elevator_unit_v1:ev2              ; elevator_unit_v1    ; work         ;
;    |generic_multiplexer:cfmultiplexer| ; 0 (0)             ; 8 (8)        ; 0                 ; 0          ; 0    ; 0            ; |multi_elevator|generic_multiplexer:cfmultiplexer ; generic_multiplexer ; work         ;
;    |generic_multiplexer:ocmultiplexer| ; 0 (0)             ; 2 (2)        ; 0                 ; 0          ; 0    ; 0            ; |multi_elevator|generic_multiplexer:ocmultiplexer ; generic_multiplexer ; work         ;
;    |generic_multiplexer:smmultiplexer| ; 0 (0)             ; 20 (20)      ; 0                 ; 0          ; 0    ; 0            ; |multi_elevator|generic_multiplexer:smmultiplexer ; generic_multiplexer ; work         ;
;    |modified_counter:counter1|         ; 54 (54)           ; 33 (33)      ; 0                 ; 0          ; 0    ; 0            ; |multi_elevator|modified_counter:counter1         ; modified_counter    ; work         ;
;    |modified_counter:counter2|         ; 54 (54)           ; 33 (33)      ; 0                 ; 0          ; 0    ; 0            ; |multi_elevator|modified_counter:counter2         ; modified_counter    ; work         ;
;    |up_down_display:uddisplay|         ; 10 (10)           ; 4 (4)        ; 0                 ; 0          ; 0    ; 0            ; |multi_elevator|up_down_display:uddisplay         ; up_down_display     ; work         ;
+----------------------------------------+-------------------+--------------+-------------------+------------+------+--------------+---------------------------------------------------+---------------------+--------------+
Note: For table entries with two numbers listed, the numbers in parentheses indicate the number of resources of the given type used by the specific entity alone. The numbers listed outside of parentheses indicate the total resources of the given type used by the specific entity and all of its sub-entities in the hierarchy.


+----------------------------------------------------------------------------------------------+
; Registers Removed During Synthesis                                                           ;
+-------------------------------------------+--------------------------------------------------+
; Register name                             ; Reason for Removal                               ;
+-------------------------------------------+--------------------------------------------------+
; up_down_display:uddisplay|i_display[1..6] ; Stuck at VCC due to stuck port data_in           ;
; modified_counter:counter2|max[0..5]       ; Stuck at GND due to stuck port data_in           ;
; modified_counter:counter2|max[8]          ; Stuck at VCC due to stuck port data_in           ;
; modified_counter:counter2|max[10]         ; Stuck at GND due to stuck port data_in           ;
; modified_counter:counter2|max[14]         ; Stuck at VCC due to stuck port data_in           ;
; modified_counter:counter2|max[17]         ; Stuck at GND due to stuck port data_in           ;
; modified_counter:counter2|max[22]         ; Stuck at VCC due to stuck port data_in           ;
; modified_counter:counter2|max[25,28..30]  ; Stuck at GND due to stuck port data_in           ;
; modified_counter:counter1|max[0..5]       ; Stuck at GND due to stuck port data_in           ;
; modified_counter:counter1|max[8]          ; Stuck at VCC due to stuck port data_in           ;
; modified_counter:counter1|max[10]         ; Stuck at GND due to stuck port data_in           ;
; modified_counter:counter1|max[14]         ; Stuck at VCC due to stuck port data_in           ;
; modified_counter:counter1|max[17]         ; Stuck at GND due to stuck port data_in           ;
; modified_counter:counter1|max[22]         ; Stuck at VCC due to stuck port data_in           ;
; modified_counter:counter1|max[25,28..30]  ; Stuck at GND due to stuck port data_in           ;
; button_decoder:odecoder|i_output[1]       ; Stuck at VCC due to stuck port data_in           ;
; button_decoder:rdecoder|i_output[1]       ; Stuck at VCC due to stuck port data_in           ;
; modified_counter:counter2|max[9,11,19]    ; Merged with modified_counter:counter2|max[6]     ;
; modified_counter:counter2|max[12,27]      ; Merged with modified_counter:counter2|max[7]     ;
; modified_counter:counter2|max[16,24,26]   ; Merged with modified_counter:counter2|max[13]    ;
; modified_counter:counter2|max[20,21,23]   ; Merged with modified_counter:counter2|max[15]    ;
; modified_counter:counter1|max[9,11,19]    ; Merged with modified_counter:counter1|max[6]     ;
; modified_counter:counter1|max[12,27]      ; Merged with modified_counter:counter1|max[7]     ;
; modified_counter:counter1|max[16,24,26]   ; Merged with modified_counter:counter1|max[13]    ;
; modified_counter:counter1|max[20,21,23]   ; Merged with modified_counter:counter1|max[15]    ;
; up_down_display:uddisplay|display[2,4,5]  ; Merged with up_down_display:uddisplay|display[1] ;
; up_down_display:uddisplay|display[1]      ; Stuck at VCC due to stuck port data_in           ;
; modified_counter:counter2|max[18]         ; Merged with modified_counter:counter2|max[7]     ;
; modified_counter:counter2|max[6]          ; Merged with modified_counter:counter2|max[15]    ;
; modified_counter:counter1|max[18]         ; Merged with modified_counter:counter1|max[7]     ;
; modified_counter:counter1|max[6]          ; Merged with modified_counter:counter1|max[15]    ;
; Total Number of Removed Registers = 68    ;                                                  ;
+-------------------------------------------+--------------------------------------------------+


+-------------------------------------------------------------------------------------------------------------+
; Removed Registers Triggering Further Register Optimizations                                                 ;
+----------------------------------------+---------------------------+----------------------------------------+
; Register name                          ; Reason for Removal        ; Registers Removed due to This Register ;
+----------------------------------------+---------------------------+----------------------------------------+
; up_down_display:uddisplay|i_display[1] ; Stuck at VCC              ; up_down_display:uddisplay|display[1]   ;
;                                        ; due to stuck port data_in ;                                        ;
+----------------------------------------+---------------------------+----------------------------------------+


+------------------------------------------------------+
; General Register Statistics                          ;
+----------------------------------------------+-------+
; Statistic                                    ; Value ;
+----------------------------------------------+-------+
; Total registers                              ; 170   ;
; Number of registers using Synchronous Clear  ; 56    ;
; Number of registers using Synchronous Load   ; 15    ;
; Number of registers using Asynchronous Clear ; 0     ;
; Number of registers using Asynchronous Load  ; 0     ;
; Number of registers using Clock Enable       ; 68    ;
; Number of registers using Preset             ; 0     ;
+----------------------------------------------+-------+


+--------------------------------------------------+
; Inverted Register Statistics                     ;
+----------------------------------------+---------+
; Inverted Register                      ; Fan out ;
+----------------------------------------+---------+
; button_decoder:rdecoder|i_output[0]    ; 2       ;
; button_decoder:odecoder|i_output[0]    ; 2       ;
; Total number of inverted registers = 2 ;         ;
+----------------------------------------+---------+


+-------------------------------------------------------------------------------------------------------------------------------------------------------------------------+
; Multiplexer Restructuring Statistics (Restructuring Performed)                                                                                                          ;
+--------------------+-----------+---------------+----------------------+------------------------+------------+-----------------------------------------------------------+
; Multiplexer Inputs ; Bus Width ; Baseline Area ; Area if Restructured ; Saving if Restructured ; Registered ; Example Multiplexer Output                                ;
+--------------------+-----------+---------------+----------------------+------------------------+------------+-----------------------------------------------------------+
; 3:1                ; 28 bits   ; 56 LEs        ; 0 LEs                ; 56 LEs                 ; Yes        ; |multi_elevator|modified_counter:counter1|i_count[10]     ;
; 3:1                ; 28 bits   ; 56 LEs        ; 0 LEs                ; 56 LEs                 ; Yes        ; |multi_elevator|modified_counter:counter2|i_count[9]      ;
; 4:1                ; 2 bits    ; 4 LEs         ; 4 LEs                ; 0 LEs                  ; Yes        ; |multi_elevator|up_down_display:uddisplay|display[3]      ;
; 3:1                ; 2 bits    ; 4 LEs         ; 4 LEs                ; 0 LEs                  ; No         ; |multi_elevator|display_driver:call_display|display[0]    ;
; 5:1                ; 3 bits    ; 9 LEs         ; 9 LEs                ; 0 LEs                  ; No         ; |multi_elevator|display_driver:current_display|display[6] ;
; 5:1                ; 3 bits    ; 9 LEs         ; 9 LEs                ; 0 LEs                  ; No         ; |multi_elevator|display_driver:request_display|display[0] ;
; 6:1                ; 3 bits    ; 12 LEs        ; 6 LEs                ; 6 LEs                  ; No         ; |multi_elevator|elevator_unit_v1:ev1|Mux8                 ;
; 6:1                ; 3 bits    ; 12 LEs        ; 6 LEs                ; 6 LEs                  ; No         ; |multi_elevator|elevator_unit_v1:ev2|Mux9                 ;
; 8:1                ; 2 bits    ; 10 LEs        ; 10 LEs               ; 0 LEs                  ; No         ; |multi_elevator|display_driver:current_display|display[1] ;
; 8:1                ; 2 bits    ; 10 LEs        ; 10 LEs               ; 0 LEs                  ; No         ; |multi_elevator|display_driver:request_display|display[2] ;
; 8:1                ; 2 bits    ; 10 LEs        ; 10 LEs               ; 0 LEs                  ; No         ; |multi_elevator|display_driver:call_display|display[2]    ;
+--------------------+-----------+---------------+----------------------+------------------------+------------+-----------------------------------------------------------+


+----------------------------------------------------------------------+
; Parameter Settings for User Entity Instance: button_decoder:rdecoder ;
+----------------+-------+---------------------------------------------+
; Parameter Name ; Value ; Type                                        ;
+----------------+-------+---------------------------------------------+
; select_width   ; 1     ; Signed Integer                              ;
; output_width   ; 2     ; Signed Integer                              ;
+----------------+-------+---------------------------------------------+
Note: In order to hide this table in the UI and the text report file, please set the "Show Parameter Settings in Synthesis Report" option in "Analysis and Synthesis Settings -> More Settings" to "Off".


+----------------------------------------------------------------------+
; Parameter Settings for User Entity Instance: button_decoder:odecoder ;
+----------------+-------+---------------------------------------------+
; Parameter Name ; Value ; Type                                        ;
+----------------+-------+---------------------------------------------+
; select_width   ; 1     ; Signed Integer                              ;
; output_width   ; 2     ; Signed Integer                              ;
+----------------+-------+---------------------------------------------+
Note: In order to hide this table in the UI and the text report file, please set the "Show Parameter Settings in Synthesis Report" option in "Analysis and Synthesis Settings -> More Settings" to "Off".


+------------------------------------------------------------------------+
; Parameter Settings for User Entity Instance: modified_counter:counter1 ;
+----------------+-----------+-------------------------------------------+
; Parameter Name ; Value     ; Type                                      ;
+----------------+-----------+-------------------------------------------+
; wide           ; 28        ; Signed Integer                            ;
; idle_max       ; 5000000   ; Signed Integer                            ;
; up_down_max    ; 100000000 ; Signed Integer                            ;
; open_max       ; 150000000 ; Signed Integer                            ;
+----------------+-----------+-------------------------------------------+
Note: In order to hide this table in the UI and the text report file, please set the "Show Parameter Settings in Synthesis Report" option in "Analysis and Synthesis Settings -> More Settings" to "Off".


+------------------------------------------------------------------------+
; Parameter Settings for User Entity Instance: modified_counter:counter2 ;
+----------------+-----------+-------------------------------------------+
; Parameter Name ; Value     ; Type                                      ;
+----------------+-----------+-------------------------------------------+
; wide           ; 28        ; Signed Integer                            ;
; idle_max       ; 5000000   ; Signed Integer                            ;
; up_down_max    ; 100000000 ; Signed Integer                            ;
; open_max       ; 150000000 ; Signed Integer                            ;
+----------------+-----------+-------------------------------------------+
Note: In order to hide this table in the UI and the text report file, please set the "Show Parameter Settings in Synthesis Report" option in "Analysis and Synthesis Settings -> More Settings" to "Off".


+-------------------------------------------------------------------+
; Parameter Settings for User Entity Instance: elevator_unit_v1:ev1 ;
+----------------+-------+------------------------------------------+
; Parameter Name ; Value ; Type                                     ;
+----------------+-------+------------------------------------------+
; floor_wide     ; 4     ; Signed Integer                           ;
; top_floor      ; 9     ; Signed Integer                           ;
+----------------+-------+------------------------------------------+
Note: In order to hide this table in the UI and the text report file, please set the "Show Parameter Settings in Synthesis Report" option in "Analysis and Synthesis Settings -> More Settings" to "Off".


+-------------------------------------------------------------------+
; Parameter Settings for User Entity Instance: elevator_unit_v1:ev2 ;
+----------------+-------+------------------------------------------+
; Parameter Name ; Value ; Type                                     ;
+----------------+-------+------------------------------------------+
; floor_wide     ; 4     ; Signed Integer                           ;
; top_floor      ; 9     ; Signed Integer                           ;
+----------------+-------+------------------------------------------+
Note: In order to hide this table in the UI and the text report file, please set the "Show Parameter Settings in Synthesis Report" option in "Analysis and Synthesis Settings -> More Settings" to "Off".


+--------------------------------------------------------------------------------+
; Parameter Settings for User Entity Instance: generic_multiplexer:cfmultiplexer ;
+----------------+-------+-------------------------------------------------------+
; Parameter Name ; Value ; Type                                                  ;
+----------------+-------+-------------------------------------------------------+
; input_width    ; 8     ; Signed Integer                                        ;
; select_width   ; 1     ; Signed Integer                                        ;
; output_width   ; 4     ; Signed Integer                                        ;
+----------------+-------+-------------------------------------------------------+
Note: In order to hide this table in the UI and the text report file, please set the "Show Parameter Settings in Synthesis Report" option in "Analysis and Synthesis Settings -> More Settings" to "Off".


+--------------------------------------------------------------------------------+
; Parameter Settings for User Entity Instance: generic_multiplexer:ocmultiplexer ;
+----------------+-------+-------------------------------------------------------+
; Parameter Name ; Value ; Type                                                  ;
+----------------+-------+-------------------------------------------------------+
; input_width    ; 2     ; Signed Integer                                        ;
; select_width   ; 1     ; Signed Integer                                        ;
; output_width   ; 1     ; Signed Integer                                        ;
+----------------+-------+-------------------------------------------------------+
Note: In order to hide this table in the UI and the text report file, please set the "Show Parameter Settings in Synthesis Report" option in "Analysis and Synthesis Settings -> More Settings" to "Off".


+--------------------------------------------------------------------------------+
; Parameter Settings for User Entity Instance: generic_multiplexer:smmultiplexer ;
+----------------+-------+-------------------------------------------------------+
; Parameter Name ; Value ; Type                                                  ;
+----------------+-------+-------------------------------------------------------+
; input_width    ; 20    ; Signed Integer                                        ;
; select_width   ; 1     ; Signed Integer                                        ;
; output_width   ; 10    ; Signed Integer                                        ;
+----------------+-------+-------------------------------------------------------+
Note: In order to hide this table in the UI and the text report file, please set the "Show Parameter Settings in Synthesis Report" option in "Analysis and Synthesis Settings -> More Settings" to "Off".


+---------------------------------------------------------------------+
; Parameter Settings for User Entity Instance: elevator_cortex:cortex ;
+-------------------+-------+-----------------------------------------+
; Parameter Name    ; Value ; Type                                    ;
+-------------------+-------+-----------------------------------------+
; top_floor         ; 9     ; Signed Integer                          ;
; elevators         ; 2     ; Signed Integer                          ;
; floor_width       ; 4     ; Signed Integer                          ;
; floor_array_width ; 8     ; Signed Integer                          ;
; dir_array_width   ; 4     ; Signed Integer                          ;
+-------------------+-------+-----------------------------------------+
Note: In order to hide this table in the UI and the text report file, please set the "Show Parameter Settings in Synthesis Report" option in "Analysis and Synthesis Settings -> More Settings" to "Off".


+-------------------------------------------------------+
; Port Connectivity Checks: "up_down_display:uddisplay" ;
+---------------+-------+----------+--------------------+
; Port          ; Type  ; Severity ; Details            ;
+---------------+-------+----------+--------------------+
; up_array[9]   ; Input ; Info     ; Stuck at GND       ;
; down_array[0] ; Input ; Info     ; Stuck at GND       ;
+---------------+-------+----------+--------------------+


+------------------------------------------------------------+
; Port Connectivity Checks: "display_driver:elevator_number" ;
+-------------+-------+----------+---------------------------+
; Port        ; Type  ; Severity ; Details                   ;
+-------------+-------+----------+---------------------------+
; input[3..1] ; Input ; Info     ; Stuck at GND              ;
+-------------+-------+----------+---------------------------+


+--------------------------------------------------+
; Port Connectivity Checks: "elevator_unit_v1:ev2" ;
+---------------+-------+----------+---------------+
; Port          ; Type  ; Severity ; Details       ;
+---------------+-------+----------+---------------+
; reset         ; Input ; Info     ; Stuck at GND  ;
; up_array[9]   ; Input ; Info     ; Stuck at GND  ;
; down_array[0] ; Input ; Info     ; Stuck at GND  ;
+---------------+-------+----------+---------------+


+--------------------------------------------------+
; Port Connectivity Checks: "elevator_unit_v1:ev1" ;
+---------------+-------+----------+---------------+
; Port          ; Type  ; Severity ; Details       ;
+---------------+-------+----------+---------------+
; reset         ; Input ; Info     ; Stuck at GND  ;
; up_array[9]   ; Input ; Info     ; Stuck at GND  ;
; down_array[0] ; Input ; Info     ; Stuck at GND  ;
+---------------+-------+----------+---------------+


+------------------------------------------------------------------------------------------------------------------+
; Port Connectivity Checks: "modified_counter:counter2"                                                            ;
+--------+--------+----------+-------------------------------------------------------------------------------------+
; Port   ; Type   ; Severity ; Details                                                                             ;
+--------+--------+----------+-------------------------------------------------------------------------------------+
; inc    ; Input  ; Info     ; Stuck at VCC                                                                        ;
; data   ; Input  ; Info     ; Stuck at GND                                                                        ;
; load   ; Input  ; Info     ; Stuck at GND                                                                        ;
; enable ; Input  ; Info     ; Stuck at VCC                                                                        ;
; reset  ; Input  ; Info     ; Stuck at GND                                                                        ;
; count  ; Output ; Info     ; Connected to dangling logic. Logic that only feeds a dangling port will be removed. ;
+--------+--------+----------+-------------------------------------------------------------------------------------+


+------------------------------------------------------------------------------------------------------------------+
; Port Connectivity Checks: "modified_counter:counter1"                                                            ;
+--------+--------+----------+-------------------------------------------------------------------------------------+
; Port   ; Type   ; Severity ; Details                                                                             ;
+--------+--------+----------+-------------------------------------------------------------------------------------+
; inc    ; Input  ; Info     ; Stuck at VCC                                                                        ;
; data   ; Input  ; Info     ; Stuck at GND                                                                        ;
; load   ; Input  ; Info     ; Stuck at GND                                                                        ;
; enable ; Input  ; Info     ; Stuck at VCC                                                                        ;
; reset  ; Input  ; Info     ; Stuck at GND                                                                        ;
; count  ; Output ; Info     ; Connected to dangling logic. Logic that only feeds a dangling port will be removed. ;
+--------+--------+----------+-------------------------------------------------------------------------------------+


+-----------------------------------------------------+
; Post-Synthesis Netlist Statistics for Top Partition ;
+-----------------------+-----------------------------+
; Type                  ; Count                       ;
+-----------------------+-----------------------------+
; arriav_ff             ; 170                         ;
;     ENA               ; 12                          ;
;     ENA SCLR          ; 56                          ;
;     SLD               ; 15                          ;
;     plain             ; 87                          ;
; arriav_lcell_comb     ; 506                         ;
;     arith             ; 56                          ;
;         1 data inputs ; 56                          ;
;     extend            ; 3                           ;
;         7 data inputs ; 3                           ;
;     normal            ; 447                         ;
;         0 data inputs ; 2                           ;
;         1 data inputs ; 5                           ;
;         2 data inputs ; 35                          ;
;         3 data inputs ; 52                          ;
;         4 data inputs ; 111                         ;
;         5 data inputs ; 105                         ;
;         6 data inputs ; 137                         ;
; boundary_port         ; 67                          ;
;                       ;                             ;
; Max LUT depth         ; 7.00                        ;
; Average LUT depth     ; 4.28                        ;
+-----------------------+-----------------------------+


+-------------------------------+
; Elapsed Time Per Partition    ;
+----------------+--------------+
; Partition Name ; Elapsed Time ;
+----------------+--------------+
; Top            ; 00:00:03     ;
+----------------+--------------+


+-------------------------------+
; Analysis & Synthesis Messages ;
+-------------------------------+
Info: *******************************************************************
Info: Running Quartus Prime Analysis & Synthesis
    Info: Version 16.0.0 Build 211 04/27/2016 SJ Lite Edition
    Info: Processing started: Sat Nov 26 23:34:54 2016
Info: Command: quartus_map --read_settings_files=on --write_settings_files=off elevator -c elevator
Warning (18236): Number of processors has not been specified which may cause overloading on shared machines.  Set the global assignment NUM_PARALLEL_PROCESSORS in your QSF to an appropriate value for best performance.
Info (20030): Parallel compilation is enabled and will use 2 of the 2 processors detected
Info (12021): Found 2 design units, including 1 entities, in source file elevator_cortex.vhd
    Info (12022): Found design unit 1: elevator_cortex-elevator_cortex1 File: C:/Users/patto/Desktop/Digital_Logic_Lab/uwm_ee457_vhdl_labs/elevator/elevator_cortex.vhd Line: 24
    Info (12023): Found entity 1: elevator_cortex File: C:/Users/patto/Desktop/Digital_Logic_Lab/uwm_ee457_vhdl_labs/elevator/elevator_cortex.vhd Line: 5
Info (12021): Found 2 design units, including 1 entities, in source file display_driver.vhd
    Info (12022): Found design unit 1: display_driver-display_driver1 File: C:/Users/patto/Desktop/Digital_Logic_Lab/uwm_ee457_vhdl_labs/elevator/display_driver.vhd Line: 15
    Info (12023): Found entity 1: display_driver File: C:/Users/patto/Desktop/Digital_Logic_Lab/uwm_ee457_vhdl_labs/elevator/display_driver.vhd Line: 8
Info (12021): Found 1 design units, including 1 entities, in source file de1_soc_golden_top.v
    Info (12023): Found entity 1: DE1_SOC_golden_top File: C:/Users/patto/Desktop/Digital_Logic_Lab/uwm_ee457_vhdl_labs/elevator/DE1_SOC_golden_top.v Line: 54
Info (12021): Found 2 design units, including 1 entities, in source file gen_counter.vhd
    Info (12022): Found design unit 1: gen_counter-rtl File: C:/Users/patto/Desktop/Digital_Logic_Lab/uwm_ee457_vhdl_labs/elevator/gen_counter.vhd Line: 22
    Info (12023): Found entity 1: gen_counter File: C:/Users/patto/Desktop/Digital_Logic_Lab/uwm_ee457_vhdl_labs/elevator/gen_counter.vhd Line: 5
Info (12021): Found 2 design units, including 1 entities, in source file open_close_display.vhd
    Info (12022): Found design unit 1: open_close_display-open_close_display1 File: C:/Users/patto/Desktop/Digital_Logic_Lab/uwm_ee457_vhdl_labs/elevator/open_close_display.vhd Line: 15
    Info (12023): Found entity 1: open_close_display File: C:/Users/patto/Desktop/Digital_Logic_Lab/uwm_ee457_vhdl_labs/elevator/open_close_display.vhd Line: 8
Info (12021): Found 2 design units, including 1 entities, in source file up_down_display.vhd
    Info (12022): Found design unit 1: up_down_display-up_down_display1 File: C:/Users/patto/Desktop/Digital_Logic_Lab/uwm_ee457_vhdl_labs/elevator/up_down_display.vhd Line: 18
    Info (12023): Found entity 1: up_down_display File: C:/Users/patto/Desktop/Digital_Logic_Lab/uwm_ee457_vhdl_labs/elevator/up_down_display.vhd Line: 8
Info (12021): Found 2 design units, including 1 entities, in source file elevator_output_select.vhd
    Info (12022): Found design unit 1: signal_multiplexer-signal_multiplexer1 File: C:/Users/patto/Desktop/Digital_Logic_Lab/uwm_ee457_vhdl_labs/elevator/elevator_output_select.vhd Line: 18
    Info (12023): Found entity 1: signal_multiplexer File: C:/Users/patto/Desktop/Digital_Logic_Lab/uwm_ee457_vhdl_labs/elevator/elevator_output_select.vhd Line: 5
Info (12021): Found 2 design units, including 1 entities, in source file debouncer.vhd
    Info (12022): Found design unit 1: signal_debouncer-signal_debouncer1 File: C:/Users/patto/Desktop/Digital_Logic_Lab/uwm_ee457_vhdl_labs/elevator/debouncer.vhd Line: 13
    Info (12023): Found entity 1: signal_debouncer File: C:/Users/patto/Desktop/Digital_Logic_Lab/uwm_ee457_vhdl_labs/elevator/debouncer.vhd Line: 5
Info (12021): Found 2 design units, including 1 entities, in source file pulse.vhd
    Info (12022): Found design unit 1: pulse-pulse1 File: C:/Users/patto/Desktop/Digital_Logic_Lab/uwm_ee457_vhdl_labs/elevator/pulse.vhd Line: 13
    Info (12023): Found entity 1: pulse File: C:/Users/patto/Desktop/Digital_Logic_Lab/uwm_ee457_vhdl_labs/elevator/pulse.vhd Line: 5
Info (12021): Found 2 design units, including 1 entities, in source file generic_multiplexer.vhd
    Info (12022): Found design unit 1: generic_multiplexer-generic_multiplexer1 File: C:/Users/patto/Desktop/Digital_Logic_Lab/uwm_ee457_vhdl_labs/elevator/generic_multiplexer.vhd Line: 19
    Info (12023): Found entity 1: generic_multiplexer File: C:/Users/patto/Desktop/Digital_Logic_Lab/uwm_ee457_vhdl_labs/elevator/generic_multiplexer.vhd Line: 5
Info (12021): Found 2 design units, including 1 entities, in source file modified_counter.vhd
    Info (12022): Found design unit 1: modified_counter-rtl File: C:/Users/patto/Desktop/Digital_Logic_Lab/uwm_ee457_vhdl_labs/elevator/modified_counter.vhd Line: 25
    Info (12023): Found entity 1: modified_counter File: C:/Users/patto/Desktop/Digital_Logic_Lab/uwm_ee457_vhdl_labs/elevator/modified_counter.vhd Line: 5
Info (12021): Found 2 design units, including 1 entities, in source file multi_elevator.vhd
    Info (12022): Found design unit 1: multi_elevator-logic File: C:/Users/patto/Desktop/Digital_Logic_Lab/uwm_ee457_vhdl_labs/elevator/multi_elevator.vhd Line: 20
    Info (12023): Found entity 1: multi_elevator File: C:/Users/patto/Desktop/Digital_Logic_Lab/uwm_ee457_vhdl_labs/elevator/multi_elevator.vhd Line: 5
Info (12021): Found 2 design units, including 1 entities, in source file button_decoder.vhd
    Info (12022): Found design unit 1: button_decoder-button_decoder1 File: C:/Users/patto/Desktop/Digital_Logic_Lab/uwm_ee457_vhdl_labs/elevator/button_decoder.vhd Line: 18
    Info (12023): Found entity 1: button_decoder File: C:/Users/patto/Desktop/Digital_Logic_Lab/uwm_ee457_vhdl_labs/elevator/button_decoder.vhd Line: 5
Info (12021): Found 2 design units, including 1 entities, in source file elevator_unit_v1.vhd
    Info (12022): Found design unit 1: elevator_unit_v1-elevator_unit_v1_1 File: C:/Users/patto/Desktop/Digital_Logic_Lab/uwm_ee457_vhdl_labs/elevator/elevator_unit_v1.vhd Line: 28
    Info (12023): Found entity 1: elevator_unit_v1 File: C:/Users/patto/Desktop/Digital_Logic_Lab/uwm_ee457_vhdl_labs/elevator/elevator_unit_v1.vhd Line: 5
Info (12127): Elaborating entity "multi_elevator" for the top level hierarchy
Info (12128): Elaborating entity "button_decoder" for hierarchy "button_decoder:rdecoder" File: C:/Users/patto/Desktop/Digital_Logic_Lab/uwm_ee457_vhdl_labs/elevator/multi_elevator.vhd Line: 152
Info (12128): Elaborating entity "modified_counter" for hierarchy "modified_counter:counter1" File: C:/Users/patto/Desktop/Digital_Logic_Lab/uwm_ee457_vhdl_labs/elevator/multi_elevator.vhd Line: 176
Info (12128): Elaborating entity "elevator_unit_v1" for hierarchy "elevator_unit_v1:ev1" File: C:/Users/patto/Desktop/Digital_Logic_Lab/uwm_ee457_vhdl_labs/elevator/multi_elevator.vhd Line: 212
Info (12128): Elaborating entity "generic_multiplexer" for hierarchy "generic_multiplexer:cfmultiplexer" File: C:/Users/patto/Desktop/Digital_Logic_Lab/uwm_ee457_vhdl_labs/elevator/multi_elevator.vhd Line: 258
Info (12128): Elaborating entity "generic_multiplexer" for hierarchy "generic_multiplexer:ocmultiplexer" File: C:/Users/patto/Desktop/Digital_Logic_Lab/uwm_ee457_vhdl_labs/elevator/multi_elevator.vhd Line: 272
Info (12128): Elaborating entity "generic_multiplexer" for hierarchy "generic_multiplexer:smmultiplexer" File: C:/Users/patto/Desktop/Digital_Logic_Lab/uwm_ee457_vhdl_labs/elevator/multi_elevator.vhd Line: 285
Info (12128): Elaborating entity "elevator_cortex" for hierarchy "elevator_cortex:cortex" File: C:/Users/patto/Desktop/Digital_Logic_Lab/uwm_ee457_vhdl_labs/elevator/multi_elevator.vhd Line: 298
Info (12128): Elaborating entity "display_driver" for hierarchy "display_driver:current_display" File: C:/Users/patto/Desktop/Digital_Logic_Lab/uwm_ee457_vhdl_labs/elevator/multi_elevator.vhd Line: 320
Info (12128): Elaborating entity "open_close_display" for hierarchy "open_close_display:door_display" File: C:/Users/patto/Desktop/Digital_Logic_Lab/uwm_ee457_vhdl_labs/elevator/multi_elevator.vhd Line: 326
Info (12128): Elaborating entity "up_down_display" for hierarchy "up_down_display:uddisplay" File: C:/Users/patto/Desktop/Digital_Logic_Lab/uwm_ee457_vhdl_labs/elevator/multi_elevator.vhd Line: 351
Warning (13024): Output pins are stuck at VCC or GND
    Warning (13410): Pin "HEX1[0]" is stuck at VCC File: C:/Users/patto/Desktop/Digital_Logic_Lab/uwm_ee457_vhdl_labs/elevator/multi_elevator.vhd Line: 12
    Warning (13410): Pin "HEX1[1]" is stuck at VCC File: C:/Users/patto/Desktop/Digital_Logic_Lab/uwm_ee457_vhdl_labs/elevator/multi_elevator.vhd Line: 12
    Warning (13410): Pin "HEX1[3]" is stuck at GND File: C:/Users/patto/Desktop/Digital_Logic_Lab/uwm_ee457_vhdl_labs/elevator/multi_elevator.vhd Line: 12
    Warning (13410): Pin "HEX1[4]" is stuck at GND File: C:/Users/patto/Desktop/Digital_Logic_Lab/uwm_ee457_vhdl_labs/elevator/multi_elevator.vhd Line: 12
    Warning (13410): Pin "HEX1[5]" is stuck at VCC File: C:/Users/patto/Desktop/Digital_Logic_Lab/uwm_ee457_vhdl_labs/elevator/multi_elevator.vhd Line: 12
    Warning (13410): Pin "HEX1[6]" is stuck at GND File: C:/Users/patto/Desktop/Digital_Logic_Lab/uwm_ee457_vhdl_labs/elevator/multi_elevator.vhd Line: 12
    Warning (13410): Pin "HEX4[1]" is stuck at GND File: C:/Users/patto/Desktop/Digital_Logic_Lab/uwm_ee457_vhdl_labs/elevator/multi_elevator.vhd Line: 15
    Warning (13410): Pin "HEX4[2]" is stuck at GND File: C:/Users/patto/Desktop/Digital_Logic_Lab/uwm_ee457_vhdl_labs/elevator/multi_elevator.vhd Line: 15
    Warning (13410): Pin "HEX4[6]" is stuck at VCC File: C:/Users/patto/Desktop/Digital_Logic_Lab/uwm_ee457_vhdl_labs/elevator/multi_elevator.vhd Line: 15
    Warning (13410): Pin "HEX5[1]" is stuck at VCC File: C:/Users/patto/Desktop/Digital_Logic_Lab/uwm_ee457_vhdl_labs/elevator/multi_elevator.vhd Line: 16
    Warning (13410): Pin "HEX5[2]" is stuck at VCC File: C:/Users/patto/Desktop/Digital_Logic_Lab/uwm_ee457_vhdl_labs/elevator/multi_elevator.vhd Line: 16
    Warning (13410): Pin "HEX5[4]" is stuck at VCC File: C:/Users/patto/Desktop/Digital_Logic_Lab/uwm_ee457_vhdl_labs/elevator/multi_elevator.vhd Line: 16
    Warning (13410): Pin "HEX5[5]" is stuck at VCC File: C:/Users/patto/Desktop/Digital_Logic_Lab/uwm_ee457_vhdl_labs/elevator/multi_elevator.vhd Line: 16
Info (286030): Timing-Driven Synthesis is running
Info (16010): Generating hard_block partition "hard_block:auto_generated_inst"
    Info (16011): Adding 0 node(s), including 0 DDIO, 0 PLL, 0 transceiver and 0 LCELL
Warning (21074): Design contains 1 input pin(s) that do not drive logic
    Warning (15610): No output dependent on input pin "SW[9]" File: C:/Users/patto/Desktop/Digital_Logic_Lab/uwm_ee457_vhdl_labs/elevator/multi_elevator.vhd Line: 8
Info (21057): Implemented 624 device resources after synthesis - the final resource count might be different
    Info (21058): Implemented 15 input pins
    Info (21059): Implemented 52 output pins
    Info (21061): Implemented 557 logic cells
Info: Quartus Prime Analysis & Synthesis was successful. 0 errors, 17 warnings
    Info: Peak virtual memory: 959 megabytes
    Info: Processing ended: Sat Nov 26 23:35:20 2016
    Info: Elapsed time: 00:00:26
    Info: Total CPU time (on all processors): 00:00:55


